<?xml version="1.0" encoding="UTF-8"?>
<testsuite name="com.consol.citrus.DefaultTestCase" time="0.0" tests="1" errors="0" skipped="0" failures="0">
    <testcase name="Add todo entry" classname="com.consol.citrus.DefaultTestCase" time="0.0"/>
</testsuite>